2022-05-15 16:20:24,545 INFO e.k.App [main] Starting App using Java 18 on VHRSU010 with PID 10612 (C:\Users\Yuliya\Desktop\JAVA\isItRain\target\classes started by Yuliya in C:\Users\Yuliya\Desktop\JAVA\isItRain)
2022-05-15 16:20:24,552 INFO e.k.App [main] No active profile set, falling back to default profiles: default
2022-05-15 16:20:26,517 INFO e.k.App [main] Started App in 2.595 seconds (JVM running for 4.269)
2022-05-15 16:20:26,521 INFO e.k.App [main] Bot has been started
2022-05-15 16:35:10,401 INFO e.k.App [main] Starting App using Java 18 on VHRSU010 with PID 8596 (C:\Users\Yuliya\Desktop\JAVA\isItRain\target\classes started by Yuliya in C:\Users\Yuliya\Desktop\JAVA\isItRain)
2022-05-15 16:35:10,404 INFO e.k.App [main] No active profile set, falling back to default profiles: default
2022-05-15 16:35:11,837 INFO e.k.App [main] Started App in 1.753 seconds (JVM running for 2.784)
2022-05-15 16:35:11,839 INFO e.k.App [main] Bot has been started
2022-05-15 16:39:19,616 INFO e.k.s.SendMessageService [IsitRain_bot Telegram Executor] Ask city message has been sent
2022-05-15 16:39:23,458 INFO e.k.s.SendMessageService [IsitRain_bot Telegram Executor] Weather message has been sent
2022-05-15 16:39:23,771 INFO e.k.m.Weather [IsitRain_bot Telegram Executor] Got JSON object
2022-05-15 16:42:14,741 INFO e.k.App [main] Starting App using Java 18 on VHRSU010 with PID 11756 (C:\Users\Yuliya\Desktop\JAVA\isItRain\target\classes started by Yuliya in C:\Users\Yuliya\Desktop\JAVA\isItRain)
2022-05-15 16:42:14,746 INFO e.k.App [main] No active profile set, falling back to default profiles: default
2022-05-15 16:42:16,160 INFO e.k.App [main] Started App in 1.764 seconds (JVM running for 2.833)
2022-05-15 16:42:16,164 INFO e.k.App [main] Bot has been started
2022-05-15 16:47:29,768 INFO e.k.App [main] Starting App using Java 18 on VHRSU010 with PID 9684 (C:\Users\Yuliya\Desktop\JAVA\isItRain\target\classes started by Yuliya in C:\Users\Yuliya\Desktop\JAVA\isItRain)
2022-05-15 16:47:29,774 INFO e.k.App [main] No active profile set, falling back to default profiles: default
2022-05-15 16:47:31,215 INFO e.k.App [main] Started App in 1.819 seconds (JVM running for 2.728)
2022-05-15 16:47:31,218 INFO e.k.App [main] Bot has been started
2022-05-15 16:47:41,598 INFO e.k.s.SendMessageService [IsitRain_bot Telegram Executor] Hello message has been sent
2022-05-15 16:47:42,936 INFO e.k.s.SendMessageService [IsitRain_bot Telegram Executor] Ask city message has been sent
2022-05-15 16:47:47,953 INFO e.k.s.SendMessageService [IsitRain_bot Telegram Executor] Weather message has been sent
2022-05-15 16:47:47,956 INFO e.k.m.Weather [IsitRain_bot Telegram Executor] User send request
2022-05-15 16:47:48,283 INFO e.k.m.Weather [IsitRain_bot Telegram Executor] Got JSON object
2022-05-15 16:52:09,335 INFO e.k.App [main] Starting App using Java 18 on VHRSU010 with PID 13332 (C:\Users\Yuliya\Desktop\JAVA\isItRain\target\classes started by Yuliya in C:\Users\Yuliya\Desktop\JAVA\isItRain)
2022-05-15 16:52:09,341 INFO e.k.App [main] No active profile set, falling back to default profiles: default
2022-05-15 16:52:10,635 INFO e.k.App [main] Started App in 1.623 seconds (JVM running for 2.518)
2022-05-15 16:52:10,638 INFO e.k.App [main] Bot has been started
2022-05-15 17:07:48,925 INFO e.k.App [main] Starting App using Java 18 on VHRSU010 with PID 9560 (C:\Users\Yuliya\Desktop\JAVA\isItRain\target\classes started by Yuliya in C:\Users\Yuliya\Desktop\JAVA\isItRain)
2022-05-15 17:07:48,929 INFO e.k.App [main] No active profile set, falling back to default profiles: default
2022-05-15 17:07:50,378 INFO e.k.App [main] Started App in 1.789 seconds (JVM running for 2.871)
2022-05-15 17:07:50,380 INFO e.k.App [main] Bot has been started
2022-05-15 17:08:02,656 INFO e.k.s.SendMessageService [IsitRain_bot Telegram Executor] Hello message has been sent
2022-05-15 17:08:04,760 INFO e.k.s.SendMessageService [IsitRain_bot Telegram Executor] Ask city message has been sent
2022-05-15 17:11:58,404 INFO e.k.s.SendMessageService [IsitRain_bot Telegram Executor] Weather message has been sent
2022-05-15 17:11:58,408 INFO e.k.m.Weather [IsitRain_bot Telegram Executor] User send request
2022-05-15 17:11:58,724 INFO e.k.m.Weather [IsitRain_bot Telegram Executor] Got JSON object
2022-05-15 18:06:27,478 ERROR o.t.t.u.DefaultBotSession [IsitRain_bot Telegram Connection] Connection reset
java.net.SocketException: Connection reset
	at sun.nio.ch.NioSocketImpl.implRead(NioSocketImpl.java:320) ~[?:?]
	at sun.nio.ch.NioSocketImpl.read(NioSocketImpl.java:347) ~[?:?]
	at sun.nio.ch.NioSocketImpl$1.read(NioSocketImpl.java:800) ~[?:?]
	at java.net.Socket$SocketInputStream.read(Socket.java:966) ~[?:?]
	at sun.security.ssl.SSLSocketInputRecord.read(SSLSocketInputRecord.java:478) ~[?:?]
	at sun.security.ssl.SSLSocketInputRecord.readHeader(SSLSocketInputRecord.java:472) ~[?:?]
	at sun.security.ssl.SSLSocketInputRecord.bytesInCompletePacket(SSLSocketInputRecord.java:70) ~[?:?]
	at sun.security.ssl.SSLSocketImpl.readApplicationRecord(SSLSocketImpl.java:1455) ~[?:?]
	at sun.security.ssl.SSLSocketImpl$AppInputStream.read(SSLSocketImpl.java:1059) ~[?:?]
	at org.apache.http.impl.io.SessionInputBufferImpl.streamRead(SessionInputBufferImpl.java:137) ~[httpcore-4.4.13.jar:4.4.13]
	at org.apache.http.impl.io.SessionInputBufferImpl.fillBuffer(SessionInputBufferImpl.java:153) ~[httpcore-4.4.13.jar:4.4.13]
	at org.apache.http.impl.io.SessionInputBufferImpl.readLine(SessionInputBufferImpl.java:280) ~[httpcore-4.4.13.jar:4.4.13]
	at org.apache.http.impl.conn.DefaultHttpResponseParser.parseHead(DefaultHttpResponseParser.java:138) ~[httpclient-4.5.13.jar:4.5.13]
	at org.apache.http.impl.conn.DefaultHttpResponseParser.parseHead(DefaultHttpResponseParser.java:56) ~[httpclient-4.5.13.jar:4.5.13]
	at org.apache.http.impl.io.AbstractMessageParser.parse(AbstractMessageParser.java:259) ~[httpcore-4.4.13.jar:4.4.13]
	at org.apache.http.impl.DefaultBHttpClientConnection.receiveResponseHeader(DefaultBHttpClientConnection.java:163) ~[httpcore-4.4.13.jar:4.4.13]
	at org.apache.http.impl.conn.CPoolProxy.receiveResponseHeader(CPoolProxy.java:157) ~[httpclient-4.5.13.jar:4.5.13]
	at org.apache.http.protocol.HttpRequestExecutor.doReceiveResponse(HttpRequestExecutor.java:273) ~[httpcore-4.4.13.jar:4.4.13]
	at org.apache.http.protocol.HttpRequestExecutor.execute(HttpRequestExecutor.java:125) ~[httpcore-4.4.13.jar:4.4.13]
	at org.apache.http.impl.execchain.MainClientExec.execute(MainClientExec.java:272) ~[httpclient-4.5.13.jar:4.5.13]
	at org.apache.http.impl.execchain.ProtocolExec.execute(ProtocolExec.java:186) ~[httpclient-4.5.13.jar:4.5.13]
	at org.apache.http.impl.execchain.RetryExec.execute(RetryExec.java:89) ~[httpclient-4.5.13.jar:4.5.13]
	at org.apache.http.impl.execchain.RedirectExec.execute(RedirectExec.java:110) ~[httpclient-4.5.13.jar:4.5.13]
	at org.apache.http.impl.client.InternalHttpClient.doExecute(InternalHttpClient.java:185) ~[httpclient-4.5.13.jar:4.5.13]
	at org.apache.http.impl.client.CloseableHttpClient.execute(CloseableHttpClient.java:83) ~[httpclient-4.5.13.jar:4.5.13]
	at org.telegram.telegrambots.updatesreceivers.DefaultBotSession$ReaderThread.getUpdatesFromServer(DefaultBotSession.java:250) ~[telegrambots-6.0.1.jar:?]
	at org.telegram.telegrambots.updatesreceivers.DefaultBotSession$ReaderThread.run(DefaultBotSession.java:189) ~[telegrambots-6.0.1.jar:?]
2022-05-15 18:23:33,941 INFO e.k.App [main] Starting App using Java 18 on VHRSU010 with PID 12116 (C:\Users\Yuliya\Desktop\JAVA\isItRain\target\classes started by Yuliya in C:\Users\Yuliya\Desktop\JAVA\isItRain)
2022-05-15 18:23:33,950 INFO e.k.App [main] No active profile set, falling back to default profiles: default
2022-05-15 18:23:36,871 INFO e.k.App [main] Started App in 3.621 seconds (JVM running for 5.724)
2022-05-15 18:23:36,880 INFO e.k.App [main] Bot has been started
2022-05-15 18:23:48,736 INFO e.k.s.SendMessageService [IsitRain_bot Telegram Executor] Hello message has been sent
2022-05-15 18:23:51,163 INFO e.k.s.SendMessageService [IsitRain_bot Telegram Executor] Ask city message has been sent
2022-05-15 18:23:55,084 INFO e.k.s.SendMessageService [IsitRain_bot Telegram Executor] Weather message has been sent
2022-05-15 18:23:55,092 INFO e.k.m.Weather [IsitRain_bot Telegram Executor] User send request
2022-05-15 18:23:55,624 INFO e.k.m.Weather [IsitRain_bot Telegram Executor] Got JSON object
2022-05-15 19:58:15,740 INFO e.k.App [main] Starting App using Java 18 on VHRSU010 with PID 2364 (C:\Users\Yuliya\Desktop\JAVA\isItRain\target\classes started by Yuliya in C:\Users\Yuliya\Desktop\JAVA\isItRain)
2022-05-15 19:58:15,754 INFO e.k.App [main] No active profile set, falling back to default profiles: default
2022-05-15 19:58:19,457 INFO e.k.App [main] Started App in 5.736 seconds (JVM running for 7.963)
2022-05-15 19:58:26,932 INFO e.k.App [main] Starting App using Java 18 on VHRSU010 with PID 24128 (C:\Users\Yuliya\Desktop\JAVA\isItRain\target\classes started by Yuliya in C:\Users\Yuliya\Desktop\JAVA\isItRain)
2022-05-15 19:58:26,940 INFO e.k.App [main] No active profile set, falling back to default profiles: default
2022-05-15 19:58:30,089 INFO e.k.App [main] Started App in 3.825 seconds (JVM running for 5.79)
2022-05-15 19:58:30,095 INFO e.k.App [main] Bot has been started
2022-05-15 19:58:53,036 INFO e.k.s.SendMessageService [IsitRain_bot Telegram Executor] Hello message has been sent
2022-05-15 19:58:54,930 INFO e.k.s.SendMessageService [IsitRain_bot Telegram Executor] Ask city message has been sent
2022-05-15 19:58:58,467 INFO e.k.s.SendMessageService [IsitRain_bot Telegram Executor] Weather message has been sent
2022-05-15 19:58:58,474 INFO e.k.m.Weather [IsitRain_bot Telegram Executor] User send request
2022-05-15 19:58:58,899 INFO e.k.m.Weather [IsitRain_bot Telegram Executor] Got JSON object
